<?xml version="1.0" encoding="UTF-8" standalone="no"?>
<!DOCTYPE log SYSTEM "logger.dtd">
<log>
<record>
  <date>2020-11-23T00:11:30.155-0300</date>
  <logger>GILDO MATOS MACEDO NETO</logger>
  <level>FINE</level>
  <message>File 118210389-GILDO MATOS MACEDO NETO.zip was received. It was sent by GILDO MATOS MACEDO NETO from IP 192.168.0.11 at 23-11-2020 00*11*30</message>
</record>
</log>
<?xml version="1.0" encoding="UTF-8" standalone="no"?>
<!DOCTYPE log SYSTEM "logger.dtd">
<log>
<record>
  <date>2020-11-23T00:25:53.085-0300</date>
  <logger>GILDO MATOS MACEDO NETO</logger>
  <level>FINE</level>
  <message>File 118210389-GILDO MATOS MACEDO NETO.zip was received. It was sent by GILDO MATOS MACEDO NETO from IP 192.168.0.11 at 23-11-2020 00*25*53</message>
</record>
</log>
<?xml version="1.0" encoding="UTF-8" standalone="no"?>
<!DOCTYPE log SYSTEM "logger.dtd">
<log>
<record>
  <date>2020-11-23T01:58:03.051-0300</date>
  <logger>GILDO MATOS MACEDO NETO</logger>
  <level>FINE</level>
  <message>File 118210389-GILDO MATOS MACEDO NETO.zip was received. It was sent by GILDO MATOS MACEDO NETO from IP 192.168.0.11 at 23-11-2020 01*58*03</message>
</record>
